matchlist - 315 - {}
matchlist - 315 - {}
matchlist - 500 - {}
matchlist - 500 - {1: {'passenger_unmatched': [], 'driver_unmatched': ['oDT3N5AXT7DyaU10cv964RA-7hCE'], 'passenger_matched': [], 'driver_matched': []}}
matchlist - 500 - {1: {'passenger_unmatched': [], 'driver_unmatched': ['oDT3N5AXT7DyaU10cv964RA-7hCE'], 'passenger_matched': [], 'driver_matched': []}}
matchlist - 500 - {1: {'passenger_unmatched': [], 'driver_unmatched': ['oDT3N5AXT7DyaU10cv964RA-7hCE'], 'passenger_matched': [], 'driver_matched': []}}
matchlist - 500 - {1: {'passenger_unmatched': [], 'driver_unmatched': ['oDT3N5AXT7DyaU10cv964RA-7hCE'], 'passenger_matched': [], 'driver_matched': []}}
matchlist - 500 - {1: {'passenger_unmatched': [], 'driver_unmatched': ['oDT3N5AXT7DyaU10cv964RA-7hCE'], 'passenger_matched': [], 'driver_matched': []}}
matchlist - 500 - {1: {'passenger_unmatched': [], 'driver_unmatched': ['oDT3N5AXT7DyaU10cv964RA-7hCE'], 'passenger_matched': [], 'driver_matched': []}}
matchlist - 315 - {1: {'passenger_unmatched': [], 'driver_unmatched': ['oDT3N5AXT7DyaU10cv964RA-7hCE'], 'passenger_matched': [], 'driver_matched': []}}
matchlist - 500 - {1: {'passenger_unmatched': [], 'driver_unmatched': ['oDT3N5AXT7DyaU10cv964RA-7hCE'], 'passenger_matched': [], 'driver_matched': []}}
matchlist - 500 - {1: {'passenger_unmatched': [], 'driver_unmatched': ['oDT3N5AXT7DyaU10cv964RA-7hCE'], 'passenger_matched': [], 'driver_matched': []}}
matchlist - 500 - {1: {'passenger_unmatched': [], 'driver_unmatched': ['oDT3N5AXT7DyaU10cv964RA-7hCE'], 'passenger_matched': [], 'driver_matched': []}}
matchlist - 500 - {1: {'passenger_unmatched': [], 'driver_unmatched': ['oDT3N5AXT7DyaU10cv964RA-7hCE'], 'passenger_matched': [], 'driver_matched': []}}
matchlist - 500 - {1: {'passenger_unmatched': [], 'driver_unmatched': ['oDT3N5AXT7DyaU10cv964RA-7hCE'], 'passenger_matched': [], 'driver_matched': []}}
matchlist - 500 - {1: {'passenger_unmatched': [], 'driver_unmatched': ['oDT3N5AXT7DyaU10cv964RA-7hCE'], 'passenger_matched': [], 'driver_matched': []}}
matchlist - 500 - {1: {'passenger_unmatched': [], 'driver_unmatched': ['oDT3N5AXT7DyaU10cv964RA-7hCE'], 'passenger_matched': [], 'driver_matched': []}}
matchlist - 500 - {1: {'passenger_unmatched': [], 'driver_unmatched': ['oDT3N5AXT7DyaU10cv964RA-7hCE'], 'passenger_matched': [], 'driver_matched': []}}
matchlist - 500 - {1: {'passenger_unmatched': [], 'driver_unmatched': ['oDT3N5AXT7DyaU10cv964RA-7hCE'], 'passenger_matched': [], 'driver_matched': []}}
matchlist - 500 - {1: {'passenger_unmatched': [], 'driver_unmatched': ['oDT3N5AXT7DyaU10cv964RA-7hCE'], 'passenger_matched': [], 'driver_matched': []}}
matchlist - 500 - {1: {'passenger_unmatched': [], 'driver_unmatched': ['oDT3N5AXT7DyaU10cv964RA-7hCE'], 'passenger_matched': [], 'driver_matched': []}}
matchlist - 500 - {1: {'passenger_unmatched': [], 'driver_unmatched': ['oDT3N5AXT7DyaU10cv964RA-7hCE'], 'passenger_matched': [], 'driver_matched': []}}
matchlist - 500 - {1: {'passenger_unmatched': [], 'driver_unmatched': ['oDT3N5AXT7DyaU10cv964RA-7hCE'], 'passenger_matched': [], 'driver_matched': []}}
matchlist - 500 - {1: {'passenger_unmatched': [], 'driver_unmatched': ['oDT3N5AXT7DyaU10cv964RA-7hCE'], 'passenger_matched': [], 'driver_matched': []}}
matchlist - 500 - {1: {'passenger_unmatched': [], 'driver_unmatched': ['oDT3N5AXT7DyaU10cv964RA-7hCE'], 'passenger_matched': [], 'driver_matched': []}}
matchlist - 500 - {1: {'passenger_unmatched': [], 'driver_unmatched': ['oDT3N5AXT7DyaU10cv964RA-7hCE'], 'passenger_matched': [], 'driver_matched': []}}
matchlist - 500 - {1: {'passenger_unmatched': [], 'driver_unmatched': ['oDT3N5AXT7DyaU10cv964RA-7hCE'], 'passenger_matched': [], 'driver_matched': []}}
matchlist - 500 - {1: {'passenger_unmatched': [], 'driver_unmatched': ['oDT3N5AXT7DyaU10cv964RA-7hCE'], 'passenger_matched': [], 'driver_matched': []}}
matchlist - 500 - {1: {'passenger_unmatched': [], 'driver_unmatched': ['oDT3N5AXT7DyaU10cv964RA-7hCE'], 'passenger_matched': [], 'driver_matched': []}}
matchlist - 500 - {1: {'passenger_unmatched': [], 'driver_unmatched': ['oDT3N5AXT7DyaU10cv964RA-7hCE'], 'passenger_matched': [], 'driver_matched': []}}
matchlist - 315 - {}
matchlist - 315 - {}
matchlist - 315 - {'1': {'passenger_unmatched': ['oDT3N5DlqjqdqSC1JQug1UA_utNs'], 'driver_unmatched': [], 'passenger_matched': [], 'driver_matched': []}}
matchlist - 315 - {'1': {'passenger_unmatched': ['oDT3N5DlqjqdqSC1JQug1UA_utNs'], 'driver_unmatched': [], 'passenger_matched': [], 'driver_matched': []}}
matchlist - 500 - {'1': {'passenger_unmatched': ['oDT3N5DlqjqdqSC1JQug1UA_utNs'], 'driver_unmatched': [], 'passenger_matched': [], 'driver_matched': []}}
matchlist - 500 - {'1': {'passenger_unmatched': ['oDT3N5DlqjqdqSC1JQug1UA_utNs'], 'driver_unmatched': [], 'passenger_matched': [], 'driver_matched': []}, 1: {'passenger_unmatched': [], 'driver_unmatched': ['oDT3N5AXT7DyaU10cv964RA-7hCE'], 'passenger_matched': [], 'driver_matched': []}}
matchlist - 315 - {'1': {'passenger_unmatched': ['oDT3N5DlqjqdqSC1JQug1UA_utNs'], 'driver_unmatched': [], 'passenger_matched': [], 'driver_matched': []}, 1: {'passenger_unmatched': [], 'driver_unmatched': ['oDT3N5AXT7DyaU10cv964RA-7hCE'], 'passenger_matched': [], 'driver_matched': []}}
matchlist - 500 - {'1': {'passenger_unmatched': ['oDT3N5DlqjqdqSC1JQug1UA_utNs'], 'driver_unmatched': [], 'passenger_matched': [], 'driver_matched': []}, 1: {'passenger_unmatched': [], 'driver_unmatched': ['oDT3N5AXT7DyaU10cv964RA-7hCE'], 'passenger_matched': [], 'driver_matched': []}}
matchlist - 315 - {'1': {'passenger_unmatched': ['oDT3N5DlqjqdqSC1JQug1UA_utNs'], 'driver_unmatched': [], 'passenger_matched': [], 'driver_matched': []}, 1: {'passenger_unmatched': [], 'driver_unmatched': ['oDT3N5AXT7DyaU10cv964RA-7hCE'], 'passenger_matched': [], 'driver_matched': []}}
matchlist - 500 - {'1': {'passenger_unmatched': ['oDT3N5DlqjqdqSC1JQug1UA_utNs'], 'driver_unmatched': [], 'passenger_matched': [], 'driver_matched': []}, 1: {'passenger_unmatched': [], 'driver_unmatched': ['oDT3N5AXT7DyaU10cv964RA-7hCE'], 'passenger_matched': [], 'driver_matched': []}}
matchlist - 315 - {'1': {'passenger_unmatched': ['oDT3N5DlqjqdqSC1JQug1UA_utNs'], 'driver_unmatched': [], 'passenger_matched': [], 'driver_matched': []}, 1: {'passenger_unmatched': [], 'driver_unmatched': ['oDT3N5AXT7DyaU10cv964RA-7hCE'], 'passenger_matched': [], 'driver_matched': []}}
matchlist - 500 - {'1': {'passenger_unmatched': ['oDT3N5DlqjqdqSC1JQug1UA_utNs'], 'driver_unmatched': [], 'passenger_matched': [], 'driver_matched': []}, 1: {'passenger_unmatched': [], 'driver_unmatched': ['oDT3N5AXT7DyaU10cv964RA-7hCE'], 'passenger_matched': [], 'driver_matched': []}}
matchlist - 315 - {'1': {'passenger_unmatched': ['oDT3N5DlqjqdqSC1JQug1UA_utNs'], 'driver_unmatched': [], 'passenger_matched': [], 'driver_matched': []}, 1: {'passenger_unmatched': [], 'driver_unmatched': ['oDT3N5AXT7DyaU10cv964RA-7hCE'], 'passenger_matched': [], 'driver_matched': []}}
matchlist - 500 - {'1': {'passenger_unmatched': ['oDT3N5DlqjqdqSC1JQug1UA_utNs'], 'driver_unmatched': [], 'passenger_matched': [], 'driver_matched': []}, 1: {'passenger_unmatched': [], 'driver_unmatched': ['oDT3N5AXT7DyaU10cv964RA-7hCE'], 'passenger_matched': [], 'driver_matched': []}}
matchlist - 315 - {'1': {'passenger_unmatched': ['oDT3N5DlqjqdqSC1JQug1UA_utNs'], 'driver_unmatched': [], 'passenger_matched': [], 'driver_matched': []}, 1: {'passenger_unmatched': [], 'driver_unmatched': ['oDT3N5AXT7DyaU10cv964RA-7hCE'], 'passenger_matched': [], 'driver_matched': []}}
matchlist - 500 - {'1': {'passenger_unmatched': ['oDT3N5DlqjqdqSC1JQug1UA_utNs'], 'driver_unmatched': [], 'passenger_matched': [], 'driver_matched': []}, 1: {'passenger_unmatched': [], 'driver_unmatched': ['oDT3N5AXT7DyaU10cv964RA-7hCE'], 'passenger_matched': [], 'driver_matched': []}}
matchlist - 315 - {'1': {'passenger_unmatched': ['oDT3N5DlqjqdqSC1JQug1UA_utNs'], 'driver_unmatched': [], 'passenger_matched': [], 'driver_matched': []}, 1: {'passenger_unmatched': [], 'driver_unmatched': ['oDT3N5AXT7DyaU10cv964RA-7hCE'], 'passenger_matched': [], 'driver_matched': []}}
matchlist - 500 - {'1': {'passenger_unmatched': ['oDT3N5DlqjqdqSC1JQug1UA_utNs'], 'driver_unmatched': [], 'passenger_matched': [], 'driver_matched': []}, 1: {'passenger_unmatched': [], 'driver_unmatched': ['oDT3N5AXT7DyaU10cv964RA-7hCE'], 'passenger_matched': [], 'driver_matched': []}}
matchlist - 315 - {'1': {'passenger_unmatched': ['oDT3N5DlqjqdqSC1JQug1UA_utNs'], 'driver_unmatched': [], 'passenger_matched': [], 'driver_matched': []}, 1: {'passenger_unmatched': [], 'driver_unmatched': ['oDT3N5AXT7DyaU10cv964RA-7hCE'], 'passenger_matched': [], 'driver_matched': []}}
matchlist - 500 - {'1': {'passenger_unmatched': ['oDT3N5DlqjqdqSC1JQug1UA_utNs'], 'driver_unmatched': [], 'passenger_matched': [], 'driver_matched': []}, 1: {'passenger_unmatched': [], 'driver_unmatched': ['oDT3N5AXT7DyaU10cv964RA-7hCE'], 'passenger_matched': [], 'driver_matched': []}}
matchlist - 315 - {'1': {'passenger_unmatched': ['oDT3N5DlqjqdqSC1JQug1UA_utNs'], 'driver_unmatched': [], 'passenger_matched': [], 'driver_matched': []}, 1: {'passenger_unmatched': [], 'driver_unmatched': ['oDT3N5AXT7DyaU10cv964RA-7hCE'], 'passenger_matched': [], 'driver_matched': []}}
matchlist - 500 - {'1': {'passenger_unmatched': ['oDT3N5DlqjqdqSC1JQug1UA_utNs'], 'driver_unmatched': [], 'passenger_matched': [], 'driver_matched': []}, 1: {'passenger_unmatched': [], 'driver_unmatched': ['oDT3N5AXT7DyaU10cv964RA-7hCE'], 'passenger_matched': [], 'driver_matched': []}}
matchlist - 315 - {'1': {'passenger_unmatched': ['oDT3N5DlqjqdqSC1JQug1UA_utNs'], 'driver_unmatched': [], 'passenger_matched': [], 'driver_matched': []}, 1: {'passenger_unmatched': [], 'driver_unmatched': ['oDT3N5AXT7DyaU10cv964RA-7hCE'], 'passenger_matched': [], 'driver_matched': []}}
matchlist - 500 - {'1': {'passenger_unmatched': ['oDT3N5DlqjqdqSC1JQug1UA_utNs'], 'driver_unmatched': [], 'passenger_matched': [], 'driver_matched': []}, 1: {'passenger_unmatched': [], 'driver_unmatched': ['oDT3N5AXT7DyaU10cv964RA-7hCE'], 'passenger_matched': [], 'driver_matched': []}}
matchlist - 315 - {'1': {'passenger_unmatched': ['oDT3N5DlqjqdqSC1JQug1UA_utNs'], 'driver_unmatched': [], 'passenger_matched': [], 'driver_matched': []}, 1: {'passenger_unmatched': [], 'driver_unmatched': ['oDT3N5AXT7DyaU10cv964RA-7hCE'], 'passenger_matched': [], 'driver_matched': []}}
matchlist - 500 - {'1': {'passenger_unmatched': ['oDT3N5DlqjqdqSC1JQug1UA_utNs'], 'driver_unmatched': [], 'passenger_matched': [], 'driver_matched': []}, 1: {'passenger_unmatched': [], 'driver_unmatched': ['oDT3N5AXT7DyaU10cv964RA-7hCE'], 'passenger_matched': [], 'driver_matched': []}}
matchlist - 315 - {'1': {'passenger_unmatched': ['oDT3N5DlqjqdqSC1JQug1UA_utNs'], 'driver_unmatched': [], 'passenger_matched': [], 'driver_matched': []}, 1: {'passenger_unmatched': [], 'driver_unmatched': ['oDT3N5AXT7DyaU10cv964RA-7hCE'], 'passenger_matched': [], 'driver_matched': []}}
matchlist - 500 - {'1': {'passenger_unmatched': ['oDT3N5DlqjqdqSC1JQug1UA_utNs'], 'driver_unmatched': [], 'passenger_matched': [], 'driver_matched': []}, 1: {'passenger_unmatched': [], 'driver_unmatched': ['oDT3N5AXT7DyaU10cv964RA-7hCE'], 'passenger_matched': [], 'driver_matched': []}}
matchlist - 315 - {'1': {'passenger_unmatched': ['oDT3N5DlqjqdqSC1JQug1UA_utNs'], 'driver_unmatched': [], 'passenger_matched': [], 'driver_matched': []}, 1: {'passenger_unmatched': [], 'driver_unmatched': ['oDT3N5AXT7DyaU10cv964RA-7hCE'], 'passenger_matched': [], 'driver_matched': []}}
matchlist - 500 - {'1': {'passenger_unmatched': ['oDT3N5DlqjqdqSC1JQug1UA_utNs'], 'driver_unmatched': [], 'passenger_matched': [], 'driver_matched': []}, 1: {'passenger_unmatched': [], 'driver_unmatched': ['oDT3N5AXT7DyaU10cv964RA-7hCE'], 'passenger_matched': [], 'driver_matched': []}}
matchlist - 315 - {'1': {'passenger_unmatched': ['oDT3N5DlqjqdqSC1JQug1UA_utNs'], 'driver_unmatched': [], 'passenger_matched': [], 'driver_matched': []}, 1: {'passenger_unmatched': [], 'driver_unmatched': ['oDT3N5AXT7DyaU10cv964RA-7hCE'], 'passenger_matched': [], 'driver_matched': []}}
matchlist - 500 - {'1': {'passenger_unmatched': ['oDT3N5DlqjqdqSC1JQug1UA_utNs'], 'driver_unmatched': [], 'passenger_matched': [], 'driver_matched': []}, 1: {'passenger_unmatched': [], 'driver_unmatched': ['oDT3N5AXT7DyaU10cv964RA-7hCE'], 'passenger_matched': [], 'driver_matched': []}}
matchlist - 315 - {'1': {'passenger_unmatched': ['oDT3N5DlqjqdqSC1JQug1UA_utNs'], 'driver_unmatched': [], 'passenger_matched': [], 'driver_matched': []}, 1: {'passenger_unmatched': [], 'driver_unmatched': ['oDT3N5AXT7DyaU10cv964RA-7hCE'], 'passenger_matched': [], 'driver_matched': []}}
matchlist - 500 - {'1': {'passenger_unmatched': ['oDT3N5DlqjqdqSC1JQug1UA_utNs'], 'driver_unmatched': [], 'passenger_matched': [], 'driver_matched': []}, 1: {'passenger_unmatched': [], 'driver_unmatched': ['oDT3N5AXT7DyaU10cv964RA-7hCE'], 'passenger_matched': [], 'driver_matched': []}}
matchlist - 315 - {'1': {'passenger_unmatched': ['oDT3N5DlqjqdqSC1JQug1UA_utNs'], 'driver_unmatched': [], 'passenger_matched': [], 'driver_matched': []}, 1: {'passenger_unmatched': [], 'driver_unmatched': ['oDT3N5AXT7DyaU10cv964RA-7hCE'], 'passenger_matched': [], 'driver_matched': []}}
matchlist - 500 - {'1': {'passenger_unmatched': ['oDT3N5DlqjqdqSC1JQug1UA_utNs'], 'driver_unmatched': [], 'passenger_matched': [], 'driver_matched': []}, 1: {'passenger_unmatched': [], 'driver_unmatched': ['oDT3N5AXT7DyaU10cv964RA-7hCE'], 'passenger_matched': [], 'driver_matched': []}}
matchlist - 315 - {'1': {'passenger_unmatched': ['oDT3N5DlqjqdqSC1JQug1UA_utNs'], 'driver_unmatched': [], 'passenger_matched': [], 'driver_matched': []}, 1: {'passenger_unmatched': [], 'driver_unmatched': ['oDT3N5AXT7DyaU10cv964RA-7hCE'], 'passenger_matched': [], 'driver_matched': []}}
matchlist - 500 - {'1': {'passenger_unmatched': ['oDT3N5DlqjqdqSC1JQug1UA_utNs'], 'driver_unmatched': [], 'passenger_matched': [], 'driver_matched': []}, 1: {'passenger_unmatched': [], 'driver_unmatched': ['oDT3N5AXT7DyaU10cv964RA-7hCE'], 'passenger_matched': [], 'driver_matched': []}}
matchlist - 315 - {'1': {'passenger_unmatched': ['oDT3N5DlqjqdqSC1JQug1UA_utNs'], 'driver_unmatched': [], 'passenger_matched': [], 'driver_matched': []}, 1: {'passenger_unmatched': [], 'driver_unmatched': ['oDT3N5AXT7DyaU10cv964RA-7hCE'], 'passenger_matched': [], 'driver_matched': []}}
matchlist - 500 - {'1': {'passenger_unmatched': ['oDT3N5DlqjqdqSC1JQug1UA_utNs'], 'driver_unmatched': [], 'passenger_matched': [], 'driver_matched': []}, 1: {'passenger_unmatched': [], 'driver_unmatched': ['oDT3N5AXT7DyaU10cv964RA-7hCE'], 'passenger_matched': [], 'driver_matched': []}}
matchlist - 315 - {'1': {'passenger_unmatched': ['oDT3N5DlqjqdqSC1JQug1UA_utNs'], 'driver_unmatched': [], 'passenger_matched': [], 'driver_matched': []}, 1: {'passenger_unmatched': [], 'driver_unmatched': ['oDT3N5AXT7DyaU10cv964RA-7hCE'], 'passenger_matched': [], 'driver_matched': []}}
matchlist - 500 - {'1': {'passenger_unmatched': ['oDT3N5DlqjqdqSC1JQug1UA_utNs'], 'driver_unmatched': [], 'passenger_matched': [], 'driver_matched': []}, 1: {'passenger_unmatched': [], 'driver_unmatched': ['oDT3N5AXT7DyaU10cv964RA-7hCE'], 'passenger_matched': [], 'driver_matched': []}}
matchlist - 315 - {'1': {'passenger_unmatched': ['oDT3N5DlqjqdqSC1JQug1UA_utNs'], 'driver_unmatched': [], 'passenger_matched': [], 'driver_matched': []}, 1: {'passenger_unmatched': [], 'driver_unmatched': ['oDT3N5AXT7DyaU10cv964RA-7hCE'], 'passenger_matched': [], 'driver_matched': []}}
matchlist - 500 - {'1': {'passenger_unmatched': ['oDT3N5DlqjqdqSC1JQug1UA_utNs'], 'driver_unmatched': [], 'passenger_matched': [], 'driver_matched': []}, 1: {'passenger_unmatched': [], 'driver_unmatched': ['oDT3N5AXT7DyaU10cv964RA-7hCE'], 'passenger_matched': [], 'driver_matched': []}}
matchlist - 315 - {'1': {'passenger_unmatched': ['oDT3N5DlqjqdqSC1JQug1UA_utNs'], 'driver_unmatched': [], 'passenger_matched': [], 'driver_matched': []}, 1: {'passenger_unmatched': [], 'driver_unmatched': ['oDT3N5AXT7DyaU10cv964RA-7hCE'], 'passenger_matched': [], 'driver_matched': []}}
matchlist - 500 - {'1': {'passenger_unmatched': ['oDT3N5DlqjqdqSC1JQug1UA_utNs'], 'driver_unmatched': [], 'passenger_matched': [], 'driver_matched': []}, 1: {'passenger_unmatched': [], 'driver_unmatched': ['oDT3N5AXT7DyaU10cv964RA-7hCE'], 'passenger_matched': [], 'driver_matched': []}}
matchlist - 315 - {'1': {'passenger_unmatched': ['oDT3N5DlqjqdqSC1JQug1UA_utNs'], 'driver_unmatched': [], 'passenger_matched': [], 'driver_matched': []}, 1: {'passenger_unmatched': [], 'driver_unmatched': ['oDT3N5AXT7DyaU10cv964RA-7hCE'], 'passenger_matched': [], 'driver_matched': []}}
matchlist - 500 - {'1': {'passenger_unmatched': ['oDT3N5DlqjqdqSC1JQug1UA_utNs'], 'driver_unmatched': [], 'passenger_matched': [], 'driver_matched': []}, 1: {'passenger_unmatched': [], 'driver_unmatched': ['oDT3N5AXT7DyaU10cv964RA-7hCE'], 'passenger_matched': [], 'driver_matched': []}}
matchlist - 315 - {'1': {'passenger_unmatched': ['oDT3N5DlqjqdqSC1JQug1UA_utNs'], 'driver_unmatched': [], 'passenger_matched': [], 'driver_matched': []}, 1: {'passenger_unmatched': [], 'driver_unmatched': ['oDT3N5AXT7DyaU10cv964RA-7hCE'], 'passenger_matched': [], 'driver_matched': []}}
matchlist - 500 - {'1': {'passenger_unmatched': ['oDT3N5DlqjqdqSC1JQug1UA_utNs'], 'driver_unmatched': [], 'passenger_matched': [], 'driver_matched': []}, 1: {'passenger_unmatched': [], 'driver_unmatched': ['oDT3N5AXT7DyaU10cv964RA-7hCE'], 'passenger_matched': [], 'driver_matched': []}}
matchlist - 315 - {'1': {'passenger_unmatched': ['oDT3N5DlqjqdqSC1JQug1UA_utNs'], 'driver_unmatched': [], 'passenger_matched': [], 'driver_matched': []}, 1: {'passenger_unmatched': [], 'driver_unmatched': ['oDT3N5AXT7DyaU10cv964RA-7hCE'], 'passenger_matched': [], 'driver_matched': []}}
matchlist - 500 - {'1': {'passenger_unmatched': ['oDT3N5DlqjqdqSC1JQug1UA_utNs'], 'driver_unmatched': [], 'passenger_matched': [], 'driver_matched': []}, 1: {'passenger_unmatched': [], 'driver_unmatched': ['oDT3N5AXT7DyaU10cv964RA-7hCE'], 'passenger_matched': [], 'driver_matched': []}}
matchlist - 315 - {'1': {'passenger_unmatched': ['oDT3N5DlqjqdqSC1JQug1UA_utNs'], 'driver_unmatched': [], 'passenger_matched': [], 'driver_matched': []}, 1: {'passenger_unmatched': [], 'driver_unmatched': ['oDT3N5AXT7DyaU10cv964RA-7hCE'], 'passenger_matched': [], 'driver_matched': []}}
matchlist - 500 - {'1': {'passenger_unmatched': ['oDT3N5DlqjqdqSC1JQug1UA_utNs'], 'driver_unmatched': [], 'passenger_matched': [], 'driver_matched': []}, 1: {'passenger_unmatched': [], 'driver_unmatched': ['oDT3N5AXT7DyaU10cv964RA-7hCE'], 'passenger_matched': [], 'driver_matched': []}}
matchlist - 315 - {'1': {'passenger_unmatched': ['oDT3N5DlqjqdqSC1JQug1UA_utNs'], 'driver_unmatched': [], 'passenger_matched': [], 'driver_matched': []}, 1: {'passenger_unmatched': [], 'driver_unmatched': ['oDT3N5AXT7DyaU10cv964RA-7hCE'], 'passenger_matched': [], 'driver_matched': []}}
matchlist - 500 - {'1': {'passenger_unmatched': ['oDT3N5DlqjqdqSC1JQug1UA_utNs'], 'driver_unmatched': [], 'passenger_matched': [], 'driver_matched': []}, 1: {'passenger_unmatched': [], 'driver_unmatched': ['oDT3N5AXT7DyaU10cv964RA-7hCE'], 'passenger_matched': [], 'driver_matched': []}}
matchlist - 315 - {'1': {'passenger_unmatched': ['oDT3N5DlqjqdqSC1JQug1UA_utNs'], 'driver_unmatched': [], 'passenger_matched': [], 'driver_matched': []}, 1: {'passenger_unmatched': [], 'driver_unmatched': ['oDT3N5AXT7DyaU10cv964RA-7hCE'], 'passenger_matched': [], 'driver_matched': []}}
matchlist - 500 - {'1': {'passenger_unmatched': ['oDT3N5DlqjqdqSC1JQug1UA_utNs'], 'driver_unmatched': [], 'passenger_matched': [], 'driver_matched': []}, 1: {'passenger_unmatched': [], 'driver_unmatched': ['oDT3N5AXT7DyaU10cv964RA-7hCE'], 'passenger_matched': [], 'driver_matched': []}}
matchlist - 315 - {'1': {'passenger_unmatched': ['oDT3N5DlqjqdqSC1JQug1UA_utNs'], 'driver_unmatched': [], 'passenger_matched': [], 'driver_matched': []}, 1: {'passenger_unmatched': [], 'driver_unmatched': ['oDT3N5AXT7DyaU10cv964RA-7hCE'], 'passenger_matched': [], 'driver_matched': []}}
matchlist - 500 - {'1': {'passenger_unmatched': ['oDT3N5DlqjqdqSC1JQug1UA_utNs'], 'driver_unmatched': [], 'passenger_matched': [], 'driver_matched': []}, 1: {'passenger_unmatched': [], 'driver_unmatched': ['oDT3N5AXT7DyaU10cv964RA-7hCE'], 'passenger_matched': [], 'driver_matched': []}}
matchlist - 500 - {'1': {'passenger_unmatched': ['oDT3N5DlqjqdqSC1JQug1UA_utNs'], 'driver_unmatched': [], 'passenger_matched': [], 'driver_matched': []}, 1: {'passenger_unmatched': [], 'driver_unmatched': ['oDT3N5AXT7DyaU10cv964RA-7hCE'], 'passenger_matched': [], 'driver_matched': []}}
matchlist - 500 - {'1': {'passenger_unmatched': ['oDT3N5DlqjqdqSC1JQug1UA_utNs'], 'driver_unmatched': [], 'passenger_matched': [], 'driver_matched': []}, 1: {'passenger_unmatched': [], 'driver_unmatched': ['oDT3N5AXT7DyaU10cv964RA-7hCE'], 'passenger_matched': [], 'driver_matched': []}}
matchlist - 315 - {}
matchlist - 315 - {'1': {'passenger_unmatched': ['oDT3N5DlqjqdqSC1JQug1UA_utNs'], 'driver_unmatched': [], 'passenger_matched': [], 'driver_matched': []}}
matchlist - 315 - {'1': {'passenger_unmatched': ['oDT3N5DlqjqdqSC1JQug1UA_utNs'], 'driver_unmatched': [], 'passenger_matched': [], 'driver_matched': []}}
matchlist - 500 - {'1': {'passenger_unmatched': ['oDT3N5DlqjqdqSC1JQug1UA_utNs'], 'driver_unmatched': [], 'passenger_matched': [], 'driver_matched': []}}
matchlist - 500 - {'1': {'passenger_unmatched': ['oDT3N5DlqjqdqSC1JQug1UA_utNs'], 'driver_unmatched': [], 'passenger_matched': [], 'driver_matched': []}, 1: {'passenger_unmatched': [], 'driver_unmatched': ['oDT3N5AXT7DyaU10cv964RA-7hCE'], 'passenger_matched': [], 'driver_matched': []}}
matchlist - 315 - {'1': {'passenger_unmatched': ['oDT3N5DlqjqdqSC1JQug1UA_utNs'], 'driver_unmatched': [], 'passenger_matched': [], 'driver_matched': []}, 1: {'passenger_unmatched': [], 'driver_unmatched': ['oDT3N5AXT7DyaU10cv964RA-7hCE'], 'passenger_matched': [], 'driver_matched': []}}
matchlist - 500 - {'1': {'passenger_unmatched': ['oDT3N5DlqjqdqSC1JQug1UA_utNs'], 'driver_unmatched': [], 'passenger_matched': [], 'driver_matched': []}, 1: {'passenger_unmatched': [], 'driver_unmatched': ['oDT3N5AXT7DyaU10cv964RA-7hCE'], 'passenger_matched': [], 'driver_matched': []}}
matchlist - 315 - {'1': {'passenger_unmatched': ['oDT3N5DlqjqdqSC1JQug1UA_utNs'], 'driver_unmatched': [], 'passenger_matched': [], 'driver_matched': []}, 1: {'passenger_unmatched': [], 'driver_unmatched': ['oDT3N5AXT7DyaU10cv964RA-7hCE'], 'passenger_matched': [], 'driver_matched': []}}
matchlist - 500 - {'1': {'passenger_unmatched': ['oDT3N5DlqjqdqSC1JQug1UA_utNs'], 'driver_unmatched': [], 'passenger_matched': [], 'driver_matched': []}, 1: {'passenger_unmatched': [], 'driver_unmatched': ['oDT3N5AXT7DyaU10cv964RA-7hCE'], 'passenger_matched': [], 'driver_matched': []}}
matchlist - 315 - {'1': {'passenger_unmatched': ['oDT3N5DlqjqdqSC1JQug1UA_utNs'], 'driver_unmatched': [], 'passenger_matched': [], 'driver_matched': []}, 1: {'passenger_unmatched': [], 'driver_unmatched': ['oDT3N5AXT7DyaU10cv964RA-7hCE'], 'passenger_matched': [], 'driver_matched': []}}
matchlist - 500 - {'1': {'passenger_unmatched': ['oDT3N5DlqjqdqSC1JQug1UA_utNs'], 'driver_unmatched': [], 'passenger_matched': [], 'driver_matched': []}, 1: {'passenger_unmatched': [], 'driver_unmatched': ['oDT3N5AXT7DyaU10cv964RA-7hCE'], 'passenger_matched': [], 'driver_matched': []}}
matchlist - 315 - {'1': {'passenger_unmatched': ['oDT3N5DlqjqdqSC1JQug1UA_utNs'], 'driver_unmatched': [], 'passenger_matched': [], 'driver_matched': []}, 1: {'passenger_unmatched': [], 'driver_unmatched': ['oDT3N5AXT7DyaU10cv964RA-7hCE'], 'passenger_matched': [], 'driver_matched': []}}
matchlist - 500 - {'1': {'passenger_unmatched': ['oDT3N5DlqjqdqSC1JQug1UA_utNs'], 'driver_unmatched': [], 'passenger_matched': [], 'driver_matched': []}, 1: {'passenger_unmatched': [], 'driver_unmatched': ['oDT3N5AXT7DyaU10cv964RA-7hCE'], 'passenger_matched': [], 'driver_matched': []}}
matchlist - 315 - {'1': {'passenger_unmatched': ['oDT3N5DlqjqdqSC1JQug1UA_utNs'], 'driver_unmatched': [], 'passenger_matched': [], 'driver_matched': []}, 1: {'passenger_unmatched': [], 'driver_unmatched': ['oDT3N5AXT7DyaU10cv964RA-7hCE'], 'passenger_matched': [], 'driver_matched': []}}
matchlist - 500 - {'1': {'passenger_unmatched': ['oDT3N5DlqjqdqSC1JQug1UA_utNs'], 'driver_unmatched': [], 'passenger_matched': [], 'driver_matched': []}, 1: {'passenger_unmatched': [], 'driver_unmatched': ['oDT3N5AXT7DyaU10cv964RA-7hCE'], 'passenger_matched': [], 'driver_matched': []}}
matchlist - 315 - {'1': {'passenger_unmatched': ['oDT3N5DlqjqdqSC1JQug1UA_utNs'], 'driver_unmatched': [], 'passenger_matched': [], 'driver_matched': []}, 1: {'passenger_unmatched': [], 'driver_unmatched': ['oDT3N5AXT7DyaU10cv964RA-7hCE'], 'passenger_matched': [], 'driver_matched': []}}
matchlist - 500 - {'1': {'passenger_unmatched': ['oDT3N5DlqjqdqSC1JQug1UA_utNs'], 'driver_unmatched': [], 'passenger_matched': [], 'driver_matched': []}, 1: {'passenger_unmatched': [], 'driver_unmatched': ['oDT3N5AXT7DyaU10cv964RA-7hCE'], 'passenger_matched': [], 'driver_matched': []}}
matchlist - 315 - {'1': {'passenger_unmatched': ['oDT3N5DlqjqdqSC1JQug1UA_utNs'], 'driver_unmatched': [], 'passenger_matched': [], 'driver_matched': []}, 1: {'passenger_unmatched': [], 'driver_unmatched': ['oDT3N5AXT7DyaU10cv964RA-7hCE'], 'passenger_matched': [], 'driver_matched': []}}
matchlist - 500 - {'1': {'passenger_unmatched': ['oDT3N5DlqjqdqSC1JQug1UA_utNs'], 'driver_unmatched': [], 'passenger_matched': [], 'driver_matched': []}, 1: {'passenger_unmatched': [], 'driver_unmatched': ['oDT3N5AXT7DyaU10cv964RA-7hCE'], 'passenger_matched': [], 'driver_matched': []}}
matchlist - 315 - {'1': {'passenger_unmatched': ['oDT3N5DlqjqdqSC1JQug1UA_utNs'], 'driver_unmatched': [], 'passenger_matched': [], 'driver_matched': []}, 1: {'passenger_unmatched': [], 'driver_unmatched': ['oDT3N5AXT7DyaU10cv964RA-7hCE'], 'passenger_matched': [], 'driver_matched': []}}
matchlist - 500 - {'1': {'passenger_unmatched': ['oDT3N5DlqjqdqSC1JQug1UA_utNs'], 'driver_unmatched': [], 'passenger_matched': [], 'driver_matched': []}, 1: {'passenger_unmatched': [], 'driver_unmatched': ['oDT3N5AXT7DyaU10cv964RA-7hCE'], 'passenger_matched': [], 'driver_matched': []}}
matchlist - 315 - {'1': {'passenger_unmatched': ['oDT3N5DlqjqdqSC1JQug1UA_utNs'], 'driver_unmatched': [], 'passenger_matched': [], 'driver_matched': []}, 1: {'passenger_unmatched': [], 'driver_unmatched': ['oDT3N5AXT7DyaU10cv964RA-7hCE'], 'passenger_matched': [], 'driver_matched': []}}
matchlist - 500 - {'1': {'passenger_unmatched': ['oDT3N5DlqjqdqSC1JQug1UA_utNs'], 'driver_unmatched': [], 'passenger_matched': [], 'driver_matched': []}, 1: {'passenger_unmatched': [], 'driver_unmatched': ['oDT3N5AXT7DyaU10cv964RA-7hCE'], 'passenger_matched': [], 'driver_matched': []}}
matchlist - 315 - {'1': {'passenger_unmatched': ['oDT3N5DlqjqdqSC1JQug1UA_utNs'], 'driver_unmatched': [], 'passenger_matched': [], 'driver_matched': []}, 1: {'passenger_unmatched': [], 'driver_unmatched': ['oDT3N5AXT7DyaU10cv964RA-7hCE'], 'passenger_matched': [], 'driver_matched': []}}
matchlist - 500 - {'1': {'passenger_unmatched': ['oDT3N5DlqjqdqSC1JQug1UA_utNs'], 'driver_unmatched': [], 'passenger_matched': [], 'driver_matched': []}, 1: {'passenger_unmatched': [], 'driver_unmatched': ['oDT3N5AXT7DyaU10cv964RA-7hCE'], 'passenger_matched': [], 'driver_matched': []}}
matchlist - 315 - {'1': {'passenger_unmatched': ['oDT3N5DlqjqdqSC1JQug1UA_utNs'], 'driver_unmatched': [], 'passenger_matched': [], 'driver_matched': []}, 1: {'passenger_unmatched': [], 'driver_unmatched': ['oDT3N5AXT7DyaU10cv964RA-7hCE'], 'passenger_matched': [], 'driver_matched': []}}
matchlist - 500 - {'1': {'passenger_unmatched': ['oDT3N5DlqjqdqSC1JQug1UA_utNs'], 'driver_unmatched': [], 'passenger_matched': [], 'driver_matched': []}, 1: {'passenger_unmatched': [], 'driver_unmatched': ['oDT3N5AXT7DyaU10cv964RA-7hCE'], 'passenger_matched': [], 'driver_matched': []}}
matchlist - 315 - {'1': {'passenger_unmatched': ['oDT3N5DlqjqdqSC1JQug1UA_utNs'], 'driver_unmatched': [], 'passenger_matched': [], 'driver_matched': []}, 1: {'passenger_unmatched': [], 'driver_unmatched': ['oDT3N5AXT7DyaU10cv964RA-7hCE'], 'passenger_matched': [], 'driver_matched': []}}
matchlist - 500 - {'1': {'passenger_unmatched': ['oDT3N5DlqjqdqSC1JQug1UA_utNs'], 'driver_unmatched': [], 'passenger_matched': [], 'driver_matched': []}, 1: {'passenger_unmatched': [], 'driver_unmatched': ['oDT3N5AXT7DyaU10cv964RA-7hCE'], 'passenger_matched': [], 'driver_matched': []}}
matchlist - 315 - {'1': {'passenger_unmatched': ['oDT3N5DlqjqdqSC1JQug1UA_utNs'], 'driver_unmatched': [], 'passenger_matched': [], 'driver_matched': []}, 1: {'passenger_unmatched': [], 'driver_unmatched': ['oDT3N5AXT7DyaU10cv964RA-7hCE'], 'passenger_matched': [], 'driver_matched': []}}
matchlist - 500 - {'1': {'passenger_unmatched': ['oDT3N5DlqjqdqSC1JQug1UA_utNs'], 'driver_unmatched': [], 'passenger_matched': [], 'driver_matched': []}, 1: {'passenger_unmatched': [], 'driver_unmatched': ['oDT3N5AXT7DyaU10cv964RA-7hCE'], 'passenger_matched': [], 'driver_matched': []}}
matchlist - 315 - {'1': {'passenger_unmatched': ['oDT3N5DlqjqdqSC1JQug1UA_utNs'], 'driver_unmatched': [], 'passenger_matched': [], 'driver_matched': []}, 1: {'passenger_unmatched': [], 'driver_unmatched': ['oDT3N5AXT7DyaU10cv964RA-7hCE'], 'passenger_matched': [], 'driver_matched': []}}
matchlist - 500 - {'1': {'passenger_unmatched': ['oDT3N5DlqjqdqSC1JQug1UA_utNs'], 'driver_unmatched': [], 'passenger_matched': [], 'driver_matched': []}, 1: {'passenger_unmatched': [], 'driver_unmatched': ['oDT3N5AXT7DyaU10cv964RA-7hCE'], 'passenger_matched': [], 'driver_matched': []}}
matchlist - 315 - {'1': {'passenger_unmatched': ['oDT3N5DlqjqdqSC1JQug1UA_utNs'], 'driver_unmatched': [], 'passenger_matched': [], 'driver_matched': []}, 1: {'passenger_unmatched': [], 'driver_unmatched': ['oDT3N5AXT7DyaU10cv964RA-7hCE'], 'passenger_matched': [], 'driver_matched': []}}
matchlist - 500 - {'1': {'passenger_unmatched': ['oDT3N5DlqjqdqSC1JQug1UA_utNs'], 'driver_unmatched': [], 'passenger_matched': [], 'driver_matched': []}, 1: {'passenger_unmatched': [], 'driver_unmatched': ['oDT3N5AXT7DyaU10cv964RA-7hCE'], 'passenger_matched': [], 'driver_matched': []}}
matchlist - 315 - {'1': {'passenger_unmatched': ['oDT3N5DlqjqdqSC1JQug1UA_utNs'], 'driver_unmatched': [], 'passenger_matched': [], 'driver_matched': []}, 1: {'passenger_unmatched': [], 'driver_unmatched': ['oDT3N5AXT7DyaU10cv964RA-7hCE'], 'passenger_matched': [], 'driver_matched': []}}
matchlist - 500 - {'1': {'passenger_unmatched': ['oDT3N5DlqjqdqSC1JQug1UA_utNs'], 'driver_unmatched': [], 'passenger_matched': [], 'driver_matched': []}, 1: {'passenger_unmatched': [], 'driver_unmatched': ['oDT3N5AXT7DyaU10cv964RA-7hCE'], 'passenger_matched': [], 'driver_matched': []}}
matchlist - 315 - {'1': {'passenger_unmatched': ['oDT3N5DlqjqdqSC1JQug1UA_utNs'], 'driver_unmatched': [], 'passenger_matched': [], 'driver_matched': []}, 1: {'passenger_unmatched': [], 'driver_unmatched': ['oDT3N5AXT7DyaU10cv964RA-7hCE'], 'passenger_matched': [], 'driver_matched': []}}
matchlist - 500 - {'1': {'passenger_unmatched': ['oDT3N5DlqjqdqSC1JQug1UA_utNs'], 'driver_unmatched': [], 'passenger_matched': [], 'driver_matched': []}, 1: {'passenger_unmatched': [], 'driver_unmatched': ['oDT3N5AXT7DyaU10cv964RA-7hCE'], 'passenger_matched': [], 'driver_matched': []}}
matchlist - 315 - {'1': {'passenger_unmatched': ['oDT3N5DlqjqdqSC1JQug1UA_utNs'], 'driver_unmatched': [], 'passenger_matched': [], 'driver_matched': []}, 1: {'passenger_unmatched': [], 'driver_unmatched': ['oDT3N5AXT7DyaU10cv964RA-7hCE'], 'passenger_matched': [], 'driver_matched': []}}
matchlist - 500 - {'1': {'passenger_unmatched': ['oDT3N5DlqjqdqSC1JQug1UA_utNs'], 'driver_unmatched': [], 'passenger_matched': [], 'driver_matched': []}, 1: {'passenger_unmatched': [], 'driver_unmatched': ['oDT3N5AXT7DyaU10cv964RA-7hCE'], 'passenger_matched': [], 'driver_matched': []}}
matchlist - 500 - {'1': {'passenger_unmatched': ['oDT3N5DlqjqdqSC1JQug1UA_utNs'], 'driver_unmatched': [], 'passenger_matched': [], 'driver_matched': []}, 1: {'passenger_unmatched': [], 'driver_unmatched': ['oDT3N5AXT7DyaU10cv964RA-7hCE'], 'passenger_matched': [], 'driver_matched': []}}
matchlist - 315 - {'1': {'passenger_unmatched': ['oDT3N5DlqjqdqSC1JQug1UA_utNs'], 'driver_unmatched': [], 'passenger_matched': [], 'driver_matched': []}, 1: {'passenger_unmatched': [], 'driver_unmatched': ['oDT3N5AXT7DyaU10cv964RA-7hCE'], 'passenger_matched': [], 'driver_matched': []}}
matchlist - 500 - {'1': {'passenger_unmatched': ['oDT3N5DlqjqdqSC1JQug1UA_utNs'], 'driver_unmatched': [], 'passenger_matched': [], 'driver_matched': []}, 1: {'passenger_unmatched': [], 'driver_unmatched': ['oDT3N5AXT7DyaU10cv964RA-7hCE'], 'passenger_matched': [], 'driver_matched': []}}
matchlist - 315 - {'1': {'passenger_unmatched': ['oDT3N5DlqjqdqSC1JQug1UA_utNs'], 'driver_unmatched': [], 'passenger_matched': [], 'driver_matched': []}, 1: {'passenger_unmatched': [], 'driver_unmatched': ['oDT3N5AXT7DyaU10cv964RA-7hCE'], 'passenger_matched': [], 'driver_matched': []}}
matchlist - 315 - {'1': {'passenger_unmatched': ['oDT3N5DlqjqdqSC1JQug1UA_utNs'], 'driver_unmatched': [], 'passenger_matched': [], 'driver_matched': []}, 1: {'passenger_unmatched': [], 'driver_unmatched': ['oDT3N5AXT7DyaU10cv964RA-7hCE'], 'passenger_matched': [], 'driver_matched': []}}
matchlist - 500 - {'1': {'passenger_unmatched': ['oDT3N5DlqjqdqSC1JQug1UA_utNs'], 'driver_unmatched': [], 'passenger_matched': [], 'driver_matched': []}, 1: {'passenger_unmatched': [], 'driver_unmatched': ['oDT3N5AXT7DyaU10cv964RA-7hCE'], 'passenger_matched': [], 'driver_matched': []}}
matchlist - 315 - {'1': {'passenger_unmatched': ['oDT3N5DlqjqdqSC1JQug1UA_utNs'], 'driver_unmatched': [], 'passenger_matched': [], 'driver_matched': []}, 1: {'passenger_unmatched': [], 'driver_unmatched': ['oDT3N5AXT7DyaU10cv964RA-7hCE'], 'passenger_matched': [], 'driver_matched': []}}
matchlist - 500 - {'1': {'passenger_unmatched': ['oDT3N5DlqjqdqSC1JQug1UA_utNs'], 'driver_unmatched': [], 'passenger_matched': [], 'driver_matched': []}, 1: {'passenger_unmatched': [], 'driver_unmatched': ['oDT3N5AXT7DyaU10cv964RA-7hCE'], 'passenger_matched': [], 'driver_matched': []}}
matchlist - 315 - {'1': {'passenger_unmatched': ['oDT3N5DlqjqdqSC1JQug1UA_utNs'], 'driver_unmatched': [], 'passenger_matched': [], 'driver_matched': []}, 1: {'passenger_unmatched': [], 'driver_unmatched': ['oDT3N5AXT7DyaU10cv964RA-7hCE'], 'passenger_matched': [], 'driver_matched': []}}
matchlist - 500 - {'1': {'passenger_unmatched': ['oDT3N5DlqjqdqSC1JQug1UA_utNs'], 'driver_unmatched': [], 'passenger_matched': [], 'driver_matched': []}, 1: {'passenger_unmatched': [], 'driver_unmatched': ['oDT3N5AXT7DyaU10cv964RA-7hCE'], 'passenger_matched': [], 'driver_matched': []}}
matchlist - 315 - {'1': {'passenger_unmatched': ['oDT3N5DlqjqdqSC1JQug1UA_utNs'], 'driver_unmatched': [], 'passenger_matched': [], 'driver_matched': []}, 1: {'passenger_unmatched': [], 'driver_unmatched': ['oDT3N5AXT7DyaU10cv964RA-7hCE'], 'passenger_matched': [], 'driver_matched': []}}
matchlist - 500 - {'1': {'passenger_unmatched': ['oDT3N5DlqjqdqSC1JQug1UA_utNs'], 'driver_unmatched': [], 'passenger_matched': [], 'driver_matched': []}, 1: {'passenger_unmatched': [], 'driver_unmatched': ['oDT3N5AXT7DyaU10cv964RA-7hCE'], 'passenger_matched': [], 'driver_matched': []}}
matchlist - 500 - {'1': {'passenger_unmatched': ['oDT3N5DlqjqdqSC1JQug1UA_utNs'], 'driver_unmatched': [], 'passenger_matched': [], 'driver_matched': []}, 1: {'passenger_unmatched': [], 'driver_unmatched': ['oDT3N5AXT7DyaU10cv964RA-7hCE'], 'passenger_matched': [], 'driver_matched': []}}
matchlist - 315 - {'1': {'passenger_unmatched': ['oDT3N5DlqjqdqSC1JQug1UA_utNs'], 'driver_unmatched': [], 'passenger_matched': [], 'driver_matched': []}, 1: {'passenger_unmatched': [], 'driver_unmatched': ['oDT3N5AXT7DyaU10cv964RA-7hCE'], 'passenger_matched': [], 'driver_matched': []}}
matchlist - 500 - {'1': {'passenger_unmatched': ['oDT3N5DlqjqdqSC1JQug1UA_utNs'], 'driver_unmatched': [], 'passenger_matched': [], 'driver_matched': []}, 1: {'passenger_unmatched': [], 'driver_unmatched': ['oDT3N5AXT7DyaU10cv964RA-7hCE'], 'passenger_matched': [], 'driver_matched': []}}
matchlist - 315 - {'1': {'passenger_unmatched': ['oDT3N5DlqjqdqSC1JQug1UA_utNs'], 'driver_unmatched': [], 'passenger_matched': [], 'driver_matched': []}, 1: {'passenger_unmatched': [], 'driver_unmatched': ['oDT3N5AXT7DyaU10cv964RA-7hCE'], 'passenger_matched': [], 'driver_matched': []}}
matchlist - 500 - {'1': {'passenger_unmatched': ['oDT3N5DlqjqdqSC1JQug1UA_utNs'], 'driver_unmatched': [], 'passenger_matched': [], 'driver_matched': []}, 1: {'passenger_unmatched': [], 'driver_unmatched': ['oDT3N5AXT7DyaU10cv964RA-7hCE'], 'passenger_matched': [], 'driver_matched': []}}
matchlist - 315 - {'1': {'passenger_unmatched': ['oDT3N5DlqjqdqSC1JQug1UA_utNs'], 'driver_unmatched': [], 'passenger_matched': [], 'driver_matched': []}, 1: {'passenger_unmatched': [], 'driver_unmatched': ['oDT3N5AXT7DyaU10cv964RA-7hCE'], 'passenger_matched': [], 'driver_matched': []}}
matchlist - 500 - {'1': {'passenger_unmatched': ['oDT3N5DlqjqdqSC1JQug1UA_utNs'], 'driver_unmatched': [], 'passenger_matched': [], 'driver_matched': []}, 1: {'passenger_unmatched': [], 'driver_unmatched': ['oDT3N5AXT7DyaU10cv964RA-7hCE'], 'passenger_matched': [], 'driver_matched': []}}
matchlist - 315 - {'1': {'passenger_unmatched': ['oDT3N5DlqjqdqSC1JQug1UA_utNs'], 'driver_unmatched': [], 'passenger_matched': [], 'driver_matched': []}, 1: {'passenger_unmatched': [], 'driver_unmatched': ['oDT3N5AXT7DyaU10cv964RA-7hCE'], 'passenger_matched': [], 'driver_matched': []}}
matchlist - 500 - {'1': {'passenger_unmatched': ['oDT3N5DlqjqdqSC1JQug1UA_utNs'], 'driver_unmatched': [], 'passenger_matched': [], 'driver_matched': []}, 1: {'passenger_unmatched': [], 'driver_unmatched': ['oDT3N5AXT7DyaU10cv964RA-7hCE'], 'passenger_matched': [], 'driver_matched': []}}
matchlist - 315 - {'1': {'passenger_unmatched': ['oDT3N5DlqjqdqSC1JQug1UA_utNs'], 'driver_unmatched': [], 'passenger_matched': [], 'driver_matched': []}, 1: {'passenger_unmatched': [], 'driver_unmatched': ['oDT3N5AXT7DyaU10cv964RA-7hCE'], 'passenger_matched': [], 'driver_matched': []}}
matchlist - 500 - {'1': {'passenger_unmatched': ['oDT3N5DlqjqdqSC1JQug1UA_utNs'], 'driver_unmatched': [], 'passenger_matched': [], 'driver_matched': []}, 1: {'passenger_unmatched': [], 'driver_unmatched': ['oDT3N5AXT7DyaU10cv964RA-7hCE'], 'passenger_matched': [], 'driver_matched': []}}
matchlist - 315 - {'1': {'passenger_unmatched': ['oDT3N5DlqjqdqSC1JQug1UA_utNs'], 'driver_unmatched': [], 'passenger_matched': [], 'driver_matched': []}, 1: {'passenger_unmatched': [], 'driver_unmatched': ['oDT3N5AXT7DyaU10cv964RA-7hCE'], 'passenger_matched': [], 'driver_matched': []}}
matchlist - 500 - {'1': {'passenger_unmatched': ['oDT3N5DlqjqdqSC1JQug1UA_utNs'], 'driver_unmatched': [], 'passenger_matched': [], 'driver_matched': []}, 1: {'passenger_unmatched': [], 'driver_unmatched': ['oDT3N5AXT7DyaU10cv964RA-7hCE'], 'passenger_matched': [], 'driver_matched': []}}
matchlist - 315 - {'1': {'passenger_unmatched': ['oDT3N5DlqjqdqSC1JQug1UA_utNs'], 'driver_unmatched': [], 'passenger_matched': [], 'driver_matched': []}, 1: {'passenger_unmatched': [], 'driver_unmatched': ['oDT3N5AXT7DyaU10cv964RA-7hCE'], 'passenger_matched': [], 'driver_matched': []}}
matchlist - 500 - {'1': {'passenger_unmatched': ['oDT3N5DlqjqdqSC1JQug1UA_utNs'], 'driver_unmatched': [], 'passenger_matched': [], 'driver_matched': []}, 1: {'passenger_unmatched': [], 'driver_unmatched': ['oDT3N5AXT7DyaU10cv964RA-7hCE'], 'passenger_matched': [], 'driver_matched': []}}
matchlist - 315 - {'1': {'passenger_unmatched': ['oDT3N5DlqjqdqSC1JQug1UA_utNs'], 'driver_unmatched': [], 'passenger_matched': [], 'driver_matched': []}, 1: {'passenger_unmatched': [], 'driver_unmatched': ['oDT3N5AXT7DyaU10cv964RA-7hCE'], 'passenger_matched': [], 'driver_matched': []}}
matchlist - 500 - {'1': {'passenger_unmatched': ['oDT3N5DlqjqdqSC1JQug1UA_utNs'], 'driver_unmatched': [], 'passenger_matched': [], 'driver_matched': []}, 1: {'passenger_unmatched': [], 'driver_unmatched': ['oDT3N5AXT7DyaU10cv964RA-7hCE'], 'passenger_matched': [], 'driver_matched': []}}
matchlist - 315 - {'1': {'passenger_unmatched': ['oDT3N5DlqjqdqSC1JQug1UA_utNs'], 'driver_unmatched': [], 'passenger_matched': [], 'driver_matched': []}, 1: {'passenger_unmatched': [], 'driver_unmatched': ['oDT3N5AXT7DyaU10cv964RA-7hCE'], 'passenger_matched': [], 'driver_matched': []}}
matchlist - 315 - {'1': {'passenger_unmatched': ['oDT3N5DlqjqdqSC1JQug1UA_utNs'], 'driver_unmatched': [], 'passenger_matched': [], 'driver_matched': []}, 1: {'passenger_unmatched': [], 'driver_unmatched': ['oDT3N5AXT7DyaU10cv964RA-7hCE'], 'passenger_matched': [], 'driver_matched': []}}
matchlist - 500 - {'1': {'passenger_unmatched': ['oDT3N5DlqjqdqSC1JQug1UA_utNs'], 'driver_unmatched': [], 'passenger_matched': [], 'driver_matched': []}, 1: {'passenger_unmatched': [], 'driver_unmatched': ['oDT3N5AXT7DyaU10cv964RA-7hCE'], 'passenger_matched': [], 'driver_matched': []}}
matchlist - 315 - {'1': {'passenger_unmatched': ['oDT3N5DlqjqdqSC1JQug1UA_utNs'], 'driver_unmatched': [], 'passenger_matched': [], 'driver_matched': []}, 1: {'passenger_unmatched': [], 'driver_unmatched': ['oDT3N5AXT7DyaU10cv964RA-7hCE'], 'passenger_matched': [], 'driver_matched': []}}
matchlist - 500 - {'1': {'passenger_unmatched': ['oDT3N5DlqjqdqSC1JQug1UA_utNs'], 'driver_unmatched': [], 'passenger_matched': [], 'driver_matched': []}, 1: {'passenger_unmatched': [], 'driver_unmatched': ['oDT3N5AXT7DyaU10cv964RA-7hCE'], 'passenger_matched': [], 'driver_matched': []}}
matchlist - 500 - {'1': {'passenger_unmatched': ['oDT3N5DlqjqdqSC1JQug1UA_utNs'], 'driver_unmatched': [], 'passenger_matched': [], 'driver_matched': []}, 1: {'passenger_unmatched': [], 'driver_unmatched': ['oDT3N5AXT7DyaU10cv964RA-7hCE'], 'passenger_matched': [], 'driver_matched': []}}
matchlist - 315 - {'1': {'passenger_unmatched': ['oDT3N5DlqjqdqSC1JQug1UA_utNs'], 'driver_unmatched': [], 'passenger_matched': [], 'driver_matched': []}, 1: {'passenger_unmatched': [], 'driver_unmatched': ['oDT3N5AXT7DyaU10cv964RA-7hCE'], 'passenger_matched': [], 'driver_matched': []}}
matchlist - 500 - {'1': {'passenger_unmatched': ['oDT3N5DlqjqdqSC1JQug1UA_utNs'], 'driver_unmatched': [], 'passenger_matched': [], 'driver_matched': []}, 1: {'passenger_unmatched': [], 'driver_unmatched': ['oDT3N5AXT7DyaU10cv964RA-7hCE'], 'passenger_matched': [], 'driver_matched': []}}
matchlist - 315 - {'1': {'passenger_unmatched': ['oDT3N5DlqjqdqSC1JQug1UA_utNs'], 'driver_unmatched': [], 'passenger_matched': [], 'driver_matched': []}, 1: {'passenger_unmatched': [], 'driver_unmatched': ['oDT3N5AXT7DyaU10cv964RA-7hCE'], 'passenger_matched': [], 'driver_matched': []}}
matchlist - 315 - {}
matchlist - 500 - {}
matchlist - 315 - {}
matchlist - 500 - {}
matchlist - 315 - {}
matchlist - 500 - {}
matchlist - 315 - {}
matchlist - 500 - {}
matchlist - 500 - {}
matchlist - 315 - {}
matchlist - 500 - {}
matchlist - 315 - {}
matchlist - 500 - {}
matchlist - 315 - {}
matchlist - 500 - {}
matchlist - 315 - {}
matchlist - 500 - {}
matchlist - 315 - {}
matchlist - 500 - {}
matchlist - 315 - {}
matchlist - 500 - {}
matchlist - 315 - {}
matchlist - 500 - {}
matchlist - 315 - {}
matchlist - 500 - {}
matchlist - 315 - {}
matchlist - 500 - {}
matchlist - 315 - {}
matchlist - 500 - {}
matchlist - 315 - {}
matchlist - 500 - {}
matchlist - 315 - {}
matchlist - 500 - {}
matchlist - 315 - {}
matchlist - 500 - {}
matchlist - 315 - {}
matchlist - 500 - {}
matchlist - 315 - {}
matchlist - 500 - {}
matchlist - 315 - {}
matchlist - 315 - {}
matchlist - 500 - {}
matchlist - 315 - {}
matchlist - 500 - {}
matchlist - 315 - {}
matchlist - 500 - {}
matchlist - 315 - {}
matchlist - 500 - {}
matchlist - 315 - {}
matchlist - 500 - {}
matchlist - 315 - {}
matchlist - 500 - {}
matchlist - 315 - {}
matchlist - 500 - {}
matchlist - 315 - {}
matchlist - 500 - {}
matchlist - 315 - {}
matchlist - 500 - {}
matchlist - 315 - {}
matchlist - 500 - {}
matchlist - 315 - {}
matchlist - 500 - {}
matchlist - 500 - {}
matchlist - 315 - {}
matchlist - 500 - {}
matchlist - 315 - {}
matchlist - 500 - {}
matchlist - 315 - {}
matchlist - 500 - {}
matchlist - 315 - {}
matchlist - 500 - {}
matchlist - 315 - {}
matchlist - 500 - {}
matchlist - 315 - {}
matchlist - 500 - {}
matchlist - 315 - {}
matchlist - 500 - {}
matchlist - 315 - {}
matchlist - 500 - {}
matchlist - 315 - {}
matchlist - 500 - {}
matchlist - 315 - {}
matchlist - 500 - {}
matchlist - 315 - {}
matchlist - 500 - {}
matchlist - 315 - {}
matchlist - 500 - {}
matchlist - 315 - {}
matchlist - 500 - {}
matchlist - 315 - {}
matchlist - 500 - {}
matchlist - 315 - {}
matchlist - 500 - {}
matchlist - 315 - {}
matchlist - 315 - {}
matchlist - 500 - {}
matchlist - 315 - {}
matchlist - 500 - {}
matchlist - 315 - {}
matchlist - 500 - {}
matchlist - 315 - {}
matchlist - 500 - {}
matchlist - 315 - {}
matchlist - 500 - {}
matchlist - 315 - {}
matchlist - 500 - {}
matchlist - 315 - {}
matchlist - 500 - {}
matchlist - 315 - {}
matchlist - 500 - {}
matchlist - 315 - {}
matchlist - 500 - {}
matchlist - 315 - {}
matchlist - 500 - {}
matchlist - 315 - {}
matchlist - 500 - {}
matchlist - 315 - {}
matchlist - 500 - {}
matchlist - 315 - {}
matchlist - 500 - {}
matchlist - 315 - {}
matchlist - 500 - {}
matchlist - 315 - {}
matchlist - 500 - {}
matchlist - 315 - {}
matchlist - 500 - {}
matchlist - 315 - {}
matchlist - 500 - {}
matchlist - 500 - {}
matchlist - 315 - {}
matchlist - 315 - {}
matchlist - 315 - {}
matchlist - 315 - {}
matchlist - 315 - {}
matchlist - 315 - {}
matchlist - 154 - 1
matchlist - 168 - 1
matchlist - 315 - {'1': {'passenger_unmatched': ['oDT3N5DlqjqdqSC1JQug1UA_utNs'], 'driver_unmatched': [], 'passenger_matched': [], 'driver_matched': []}}
matchlist - 315 - {'1': {'passenger_unmatched': ['oDT3N5DlqjqdqSC1JQug1UA_utNs'], 'driver_unmatched': [], 'passenger_matched': [], 'driver_matched': []}}
matchlist - 500 - {'1': {'passenger_unmatched': ['oDT3N5DlqjqdqSC1JQug1UA_utNs'], 'driver_unmatched': [], 'passenger_matched': [], 'driver_matched': []}}
matchlist - 154 - 1
matchlist - 168 - 1
matchlist - 500 - {'1': {'passenger_unmatched': ['oDT3N5DlqjqdqSC1JQug1UA_utNs'], 'driver_unmatched': [], 'passenger_matched': [], 'driver_matched': []}, 1: {'passenger_unmatched': [], 'driver_unmatched': ['oDT3N5AXT7DyaU10cv964RA-7hCE'], 'passenger_matched': [], 'driver_matched': []}}
matchlist - 315 - {'1': {'passenger_unmatched': ['oDT3N5DlqjqdqSC1JQug1UA_utNs'], 'driver_unmatched': [], 'passenger_matched': [], 'driver_matched': []}, 1: {'passenger_unmatched': [], 'driver_unmatched': ['oDT3N5AXT7DyaU10cv964RA-7hCE'], 'passenger_matched': [], 'driver_matched': []}}
matchlist - 500 - {'1': {'passenger_unmatched': ['oDT3N5DlqjqdqSC1JQug1UA_utNs'], 'driver_unmatched': [], 'passenger_matched': [], 'driver_matched': []}, 1: {'passenger_unmatched': [], 'driver_unmatched': ['oDT3N5AXT7DyaU10cv964RA-7hCE'], 'passenger_matched': [], 'driver_matched': []}}
matchlist - 315 - {'1': {'passenger_unmatched': ['oDT3N5DlqjqdqSC1JQug1UA_utNs'], 'driver_unmatched': [], 'passenger_matched': [], 'driver_matched': []}, 1: {'passenger_unmatched': [], 'driver_unmatched': ['oDT3N5AXT7DyaU10cv964RA-7hCE'], 'passenger_matched': [], 'driver_matched': []}}
matchlist - 500 - {'1': {'passenger_unmatched': ['oDT3N5DlqjqdqSC1JQug1UA_utNs'], 'driver_unmatched': [], 'passenger_matched': [], 'driver_matched': []}, 1: {'passenger_unmatched': [], 'driver_unmatched': ['oDT3N5AXT7DyaU10cv964RA-7hCE'], 'passenger_matched': [], 'driver_matched': []}}
matchlist - 315 - {'1': {'passenger_unmatched': ['oDT3N5DlqjqdqSC1JQug1UA_utNs'], 'driver_unmatched': [], 'passenger_matched': [], 'driver_matched': []}, 1: {'passenger_unmatched': [], 'driver_unmatched': ['oDT3N5AXT7DyaU10cv964RA-7hCE'], 'passenger_matched': [], 'driver_matched': []}}
matchlist - 500 - {'1': {'passenger_unmatched': ['oDT3N5DlqjqdqSC1JQug1UA_utNs'], 'driver_unmatched': [], 'passenger_matched': [], 'driver_matched': []}, 1: {'passenger_unmatched': [], 'driver_unmatched': ['oDT3N5AXT7DyaU10cv964RA-7hCE'], 'passenger_matched': [], 'driver_matched': []}}
matchlist - 315 - {'1': {'passenger_unmatched': ['oDT3N5DlqjqdqSC1JQug1UA_utNs'], 'driver_unmatched': [], 'passenger_matched': [], 'driver_matched': []}, 1: {'passenger_unmatched': [], 'driver_unmatched': ['oDT3N5AXT7DyaU10cv964RA-7hCE'], 'passenger_matched': [], 'driver_matched': []}}
matchlist - 500 - {'1': {'passenger_unmatched': ['oDT3N5DlqjqdqSC1JQug1UA_utNs'], 'driver_unmatched': [], 'passenger_matched': [], 'driver_matched': []}, 1: {'passenger_unmatched': [], 'driver_unmatched': ['oDT3N5AXT7DyaU10cv964RA-7hCE'], 'passenger_matched': [], 'driver_matched': []}}
matchlist - 315 - {'1': {'passenger_unmatched': ['oDT3N5DlqjqdqSC1JQug1UA_utNs'], 'driver_unmatched': [], 'passenger_matched': [], 'driver_matched': []}, 1: {'passenger_unmatched': [], 'driver_unmatched': ['oDT3N5AXT7DyaU10cv964RA-7hCE'], 'passenger_matched': [], 'driver_matched': []}}
matchlist - 500 - {'1': {'passenger_unmatched': ['oDT3N5DlqjqdqSC1JQug1UA_utNs'], 'driver_unmatched': [], 'passenger_matched': [], 'driver_matched': []}, 1: {'passenger_unmatched': [], 'driver_unmatched': ['oDT3N5AXT7DyaU10cv964RA-7hCE'], 'passenger_matched': [], 'driver_matched': []}}
matchlist - 315 - {'1': {'passenger_unmatched': ['oDT3N5DlqjqdqSC1JQug1UA_utNs'], 'driver_unmatched': [], 'passenger_matched': [], 'driver_matched': []}, 1: {'passenger_unmatched': [], 'driver_unmatched': ['oDT3N5AXT7DyaU10cv964RA-7hCE'], 'passenger_matched': [], 'driver_matched': []}}
matchlist - 500 - {'1': {'passenger_unmatched': ['oDT3N5DlqjqdqSC1JQug1UA_utNs'], 'driver_unmatched': [], 'passenger_matched': [], 'driver_matched': []}, 1: {'passenger_unmatched': [], 'driver_unmatched': ['oDT3N5AXT7DyaU10cv964RA-7hCE'], 'passenger_matched': [], 'driver_matched': []}}
matchlist - 315 - {'1': {'passenger_unmatched': ['oDT3N5DlqjqdqSC1JQug1UA_utNs'], 'driver_unmatched': [], 'passenger_matched': [], 'driver_matched': []}, 1: {'passenger_unmatched': [], 'driver_unmatched': ['oDT3N5AXT7DyaU10cv964RA-7hCE'], 'passenger_matched': [], 'driver_matched': []}}
matchlist - 500 - {'1': {'passenger_unmatched': ['oDT3N5DlqjqdqSC1JQug1UA_utNs'], 'driver_unmatched': [], 'passenger_matched': [], 'driver_matched': []}, 1: {'passenger_unmatched': [], 'driver_unmatched': ['oDT3N5AXT7DyaU10cv964RA-7hCE'], 'passenger_matched': [], 'driver_matched': []}}
matchlist - 315 - {'1': {'passenger_unmatched': ['oDT3N5DlqjqdqSC1JQug1UA_utNs'], 'driver_unmatched': [], 'passenger_matched': [], 'driver_matched': []}, 1: {'passenger_unmatched': [], 'driver_unmatched': ['oDT3N5AXT7DyaU10cv964RA-7hCE'], 'passenger_matched': [], 'driver_matched': []}}
matchlist - 500 - {'1': {'passenger_unmatched': ['oDT3N5DlqjqdqSC1JQug1UA_utNs'], 'driver_unmatched': [], 'passenger_matched': [], 'driver_matched': []}, 1: {'passenger_unmatched': [], 'driver_unmatched': ['oDT3N5AXT7DyaU10cv964RA-7hCE'], 'passenger_matched': [], 'driver_matched': []}}
matchlist - 315 - {'1': {'passenger_unmatched': ['oDT3N5DlqjqdqSC1JQug1UA_utNs'], 'driver_unmatched': [], 'passenger_matched': [], 'driver_matched': []}, 1: {'passenger_unmatched': [], 'driver_unmatched': ['oDT3N5AXT7DyaU10cv964RA-7hCE'], 'passenger_matched': [], 'driver_matched': []}}
matchlist - 500 - {'1': {'passenger_unmatched': ['oDT3N5DlqjqdqSC1JQug1UA_utNs'], 'driver_unmatched': [], 'passenger_matched': [], 'driver_matched': []}, 1: {'passenger_unmatched': [], 'driver_unmatched': ['oDT3N5AXT7DyaU10cv964RA-7hCE'], 'passenger_matched': [], 'driver_matched': []}}
matchlist - 315 - {'1': {'passenger_unmatched': ['oDT3N5DlqjqdqSC1JQug1UA_utNs'], 'driver_unmatched': [], 'passenger_matched': [], 'driver_matched': []}, 1: {'passenger_unmatched': [], 'driver_unmatched': ['oDT3N5AXT7DyaU10cv964RA-7hCE'], 'passenger_matched': [], 'driver_matched': []}}
matchlist - 500 - {'1': {'passenger_unmatched': ['oDT3N5DlqjqdqSC1JQug1UA_utNs'], 'driver_unmatched': [], 'passenger_matched': [], 'driver_matched': []}, 1: {'passenger_unmatched': [], 'driver_unmatched': ['oDT3N5AXT7DyaU10cv964RA-7hCE'], 'passenger_matched': [], 'driver_matched': []}}
matchlist - 315 - {'1': {'passenger_unmatched': ['oDT3N5DlqjqdqSC1JQug1UA_utNs'], 'driver_unmatched': [], 'passenger_matched': [], 'driver_matched': []}, 1: {'passenger_unmatched': [], 'driver_unmatched': ['oDT3N5AXT7DyaU10cv964RA-7hCE'], 'passenger_matched': [], 'driver_matched': []}}
matchlist - 500 - {'1': {'passenger_unmatched': ['oDT3N5DlqjqdqSC1JQug1UA_utNs'], 'driver_unmatched': [], 'passenger_matched': [], 'driver_matched': []}, 1: {'passenger_unmatched': [], 'driver_unmatched': ['oDT3N5AXT7DyaU10cv964RA-7hCE'], 'passenger_matched': [], 'driver_matched': []}}
matchlist - 315 - {'1': {'passenger_unmatched': ['oDT3N5DlqjqdqSC1JQug1UA_utNs'], 'driver_unmatched': [], 'passenger_matched': [], 'driver_matched': []}, 1: {'passenger_unmatched': [], 'driver_unmatched': ['oDT3N5AXT7DyaU10cv964RA-7hCE'], 'passenger_matched': [], 'driver_matched': []}}
matchlist - 500 - {'1': {'passenger_unmatched': ['oDT3N5DlqjqdqSC1JQug1UA_utNs'], 'driver_unmatched': [], 'passenger_matched': [], 'driver_matched': []}, 1: {'passenger_unmatched': [], 'driver_unmatched': ['oDT3N5AXT7DyaU10cv964RA-7hCE'], 'passenger_matched': [], 'driver_matched': []}}
matchlist - 315 - {'1': {'passenger_unmatched': ['oDT3N5DlqjqdqSC1JQug1UA_utNs'], 'driver_unmatched': [], 'passenger_matched': [], 'driver_matched': []}, 1: {'passenger_unmatched': [], 'driver_unmatched': ['oDT3N5AXT7DyaU10cv964RA-7hCE'], 'passenger_matched': [], 'driver_matched': []}}
matchlist - 500 - {'1': {'passenger_unmatched': ['oDT3N5DlqjqdqSC1JQug1UA_utNs'], 'driver_unmatched': [], 'passenger_matched': [], 'driver_matched': []}, 1: {'passenger_unmatched': [], 'driver_unmatched': ['oDT3N5AXT7DyaU10cv964RA-7hCE'], 'passenger_matched': [], 'driver_matched': []}}
matchlist - 315 - {'1': {'passenger_unmatched': ['oDT3N5DlqjqdqSC1JQug1UA_utNs'], 'driver_unmatched': [], 'passenger_matched': [], 'driver_matched': []}, 1: {'passenger_unmatched': [], 'driver_unmatched': ['oDT3N5AXT7DyaU10cv964RA-7hCE'], 'passenger_matched': [], 'driver_matched': []}}
matchlist - 500 - {'1': {'passenger_unmatched': ['oDT3N5DlqjqdqSC1JQug1UA_utNs'], 'driver_unmatched': [], 'passenger_matched': [], 'driver_matched': []}, 1: {'passenger_unmatched': [], 'driver_unmatched': ['oDT3N5AXT7DyaU10cv964RA-7hCE'], 'passenger_matched': [], 'driver_matched': []}}
matchlist - 315 - {'1': {'passenger_unmatched': ['oDT3N5DlqjqdqSC1JQug1UA_utNs'], 'driver_unmatched': [], 'passenger_matched': [], 'driver_matched': []}, 1: {'passenger_unmatched': [], 'driver_unmatched': ['oDT3N5AXT7DyaU10cv964RA-7hCE'], 'passenger_matched': [], 'driver_matched': []}}
matchlist - 500 - {'1': {'passenger_unmatched': ['oDT3N5DlqjqdqSC1JQug1UA_utNs'], 'driver_unmatched': [], 'passenger_matched': [], 'driver_matched': []}, 1: {'passenger_unmatched': [], 'driver_unmatched': ['oDT3N5AXT7DyaU10cv964RA-7hCE'], 'passenger_matched': [], 'driver_matched': []}}
matchlist - 315 - {'1': {'passenger_unmatched': ['oDT3N5DlqjqdqSC1JQug1UA_utNs'], 'driver_unmatched': [], 'passenger_matched': [], 'driver_matched': []}, 1: {'passenger_unmatched': [], 'driver_unmatched': ['oDT3N5AXT7DyaU10cv964RA-7hCE'], 'passenger_matched': [], 'driver_matched': []}}
matchlist - 500 - {'1': {'passenger_unmatched': ['oDT3N5DlqjqdqSC1JQug1UA_utNs'], 'driver_unmatched': [], 'passenger_matched': [], 'driver_matched': []}, 1: {'passenger_unmatched': [], 'driver_unmatched': ['oDT3N5AXT7DyaU10cv964RA-7hCE'], 'passenger_matched': [], 'driver_matched': []}}
matchlist - 315 - {'1': {'passenger_unmatched': ['oDT3N5DlqjqdqSC1JQug1UA_utNs'], 'driver_unmatched': [], 'passenger_matched': [], 'driver_matched': []}, 1: {'passenger_unmatched': [], 'driver_unmatched': ['oDT3N5AXT7DyaU10cv964RA-7hCE'], 'passenger_matched': [], 'driver_matched': []}}
matchlist - 500 - {'1': {'passenger_unmatched': ['oDT3N5DlqjqdqSC1JQug1UA_utNs'], 'driver_unmatched': [], 'passenger_matched': [], 'driver_matched': []}, 1: {'passenger_unmatched': [], 'driver_unmatched': ['oDT3N5AXT7DyaU10cv964RA-7hCE'], 'passenger_matched': [], 'driver_matched': []}}
matchlist - 315 - {'1': {'passenger_unmatched': ['oDT3N5DlqjqdqSC1JQug1UA_utNs'], 'driver_unmatched': [], 'passenger_matched': [], 'driver_matched': []}, 1: {'passenger_unmatched': [], 'driver_unmatched': ['oDT3N5AXT7DyaU10cv964RA-7hCE'], 'passenger_matched': [], 'driver_matched': []}}
matchlist - 500 - {'1': {'passenger_unmatched': ['oDT3N5DlqjqdqSC1JQug1UA_utNs'], 'driver_unmatched': [], 'passenger_matched': [], 'driver_matched': []}, 1: {'passenger_unmatched': [], 'driver_unmatched': ['oDT3N5AXT7DyaU10cv964RA-7hCE'], 'passenger_matched': [], 'driver_matched': []}}
matchlist - 315 - {'1': {'passenger_unmatched': ['oDT3N5DlqjqdqSC1JQug1UA_utNs'], 'driver_unmatched': [], 'passenger_matched': [], 'driver_matched': []}, 1: {'passenger_unmatched': [], 'driver_unmatched': ['oDT3N5AXT7DyaU10cv964RA-7hCE'], 'passenger_matched': [], 'driver_matched': []}}
matchlist - 500 - {'1': {'passenger_unmatched': ['oDT3N5DlqjqdqSC1JQug1UA_utNs'], 'driver_unmatched': [], 'passenger_matched': [], 'driver_matched': []}, 1: {'passenger_unmatched': [], 'driver_unmatched': ['oDT3N5AXT7DyaU10cv964RA-7hCE'], 'passenger_matched': [], 'driver_matched': []}}
matchlist - 315 - {'1': {'passenger_unmatched': ['oDT3N5DlqjqdqSC1JQug1UA_utNs'], 'driver_unmatched': [], 'passenger_matched': [], 'driver_matched': []}, 1: {'passenger_unmatched': [], 'driver_unmatched': ['oDT3N5AXT7DyaU10cv964RA-7hCE'], 'passenger_matched': [], 'driver_matched': []}}
matchlist - 500 - {'1': {'passenger_unmatched': ['oDT3N5DlqjqdqSC1JQug1UA_utNs'], 'driver_unmatched': [], 'passenger_matched': [], 'driver_matched': []}, 1: {'passenger_unmatched': [], 'driver_unmatched': ['oDT3N5AXT7DyaU10cv964RA-7hCE'], 'passenger_matched': [], 'driver_matched': []}}
matchlist - 315 - {'1': {'passenger_unmatched': ['oDT3N5DlqjqdqSC1JQug1UA_utNs'], 'driver_unmatched': [], 'passenger_matched': [], 'driver_matched': []}, 1: {'passenger_unmatched': [], 'driver_unmatched': ['oDT3N5AXT7DyaU10cv964RA-7hCE'], 'passenger_matched': [], 'driver_matched': []}}
matchlist - 500 - {'1': {'passenger_unmatched': ['oDT3N5DlqjqdqSC1JQug1UA_utNs'], 'driver_unmatched': [], 'passenger_matched': [], 'driver_matched': []}, 1: {'passenger_unmatched': [], 'driver_unmatched': ['oDT3N5AXT7DyaU10cv964RA-7hCE'], 'passenger_matched': [], 'driver_matched': []}}
matchlist - 500 - {'1': {'passenger_unmatched': ['oDT3N5DlqjqdqSC1JQug1UA_utNs'], 'driver_unmatched': [], 'passenger_matched': [], 'driver_matched': []}, 1: {'passenger_unmatched': [], 'driver_unmatched': ['oDT3N5AXT7DyaU10cv964RA-7hCE'], 'passenger_matched': [], 'driver_matched': []}}
matchlist - 498 - {}
matchlist - 313 - {}
matchlist - 498 - {}
matchlist - 313 - {}
